build/app/intermediates/manifest_merge_blame_file/debug/manifest-merger-blame-debug-report.txt
1<?xml version="1.0" encoding="utf-8"?>
2<manifest xmlns:android="http://schemas.android.com/apk/res/android"
3    package="com.example.hw8"
4    android:versionCode="1"
5    android:versionName="1.0.0" >
6
7    <uses-sdk
8        android:minSdkVersion="21"
9        android:targetSdkVersion="34" />
10    <!--
11         The INTERNET permission is required for development. Specifically,
12         the Flutter tool needs it to communicate with the running application
13         to allow setting breakpoints, to provide hot reload, etc.
14    -->
15    <uses-permission android:name="android.permission.INTERNET" />
15-->src/main/AndroidManifest.xml:3:5-67
15-->src/main/AndroidManifest.xml:3:22-64
16
17    <queries>
17-->src/main/AndroidManifest.xml:43:5-48:15
18        <intent>
18-->src/main/AndroidManifest.xml:44:9-47:18
19            <action android:name="android.intent.action.PROCESS_TEXT" />
19-->src/main/AndroidManifest.xml:45:13-72
19-->src/main/AndroidManifest.xml:45:21-70
20
21            <data android:mimeType="text/plain" />
21-->src/main/AndroidManifest.xml:46:13-50
21-->src/main/AndroidManifest.xml:46:19-48
22        </intent>
23    </queries> <!-- Although the *SdkVersion is captured in gradle build files, this is required for non gradle builds -->
24    <!-- <uses-sdk android:minSdkVersion="21"/> -->
25    <uses-permission android:name="android.permission.ACCESS_NETWORK_STATE" />
25-->[com.google.firebase:firebase-database:21.0.0] AndroidManifest.xml:22:5-79
25-->[com.google.firebase:firebase-database:21.0.0] AndroidManifest.xml:22:22-76
26    <uses-permission android:name="android.permission.WAKE_LOCK" />
26-->[com.google.android.gms:play-services-measurement-api:22.1.2] AndroidManifest.xml:24:5-68
26-->[com.google.android.gms:play-services-measurement-api:22.1.2] AndroidManifest.xml:24:22-65
27    <uses-permission android:name="com.google.android.gms.permission.AD_ID" />
27-->[com.google.android.gms:play-services-measurement-api:22.1.2] AndroidManifest.xml:25:5-79
27-->[com.google.android.gms:play-services-measurement-api:22.1.2] AndroidManifest.xml:25:22-76
28    <uses-permission android:name="android.permission.ACCESS_ADSERVICES_ATTRIBUTION" />
28-->[com.google.android.gms:play-services-measurement-api:22.1.2] AndroidManifest.xml:26:5-88
28-->[com.google.android.gms:play-services-measurement-api:22.1.2] AndroidManifest.xml:26:22-85
29    <uses-permission android:name="android.permission.ACCESS_ADSERVICES_AD_ID" />
29-->[com.google.android.gms:play-services-measurement-api:22.1.2] AndroidManifest.xml:27:5-82
29-->[com.google.android.gms:play-services-measurement-api:22.1.2] AndroidManifest.xml:27:22-79
30    <uses-permission android:name="com.google.android.finsky.permission.BIND_GET_INSTALL_REFERRER_SERVICE" />
30-->[com.google.android.gms:play-services-measurement:22.1.2] AndroidManifest.xml:26:5-110
30-->[com.google.android.gms:play-services-measurement:22.1.2] AndroidManifest.xml:26:22-107
31
32    <permission
32-->[androidx.core:core:1.13.1] AndroidManifest.xml:22:5-24:47
33        android:name="com.example.hw8.DYNAMIC_RECEIVER_NOT_EXPORTED_PERMISSION"
33-->[androidx.core:core:1.13.1] AndroidManifest.xml:23:9-81
34        android:protectionLevel="signature" />
34-->[androidx.core:core:1.13.1] AndroidManifest.xml:24:9-44
35
36    <uses-permission android:name="com.example.hw8.DYNAMIC_RECEIVER_NOT_EXPORTED_PERMISSION" />
36-->[androidx.core:core:1.13.1] AndroidManifest.xml:26:5-97
36-->[androidx.core:core:1.13.1] AndroidManifest.xml:26:22-94
37
38    <application
39        android:name="android.app.Application"
40        android:appComponentFactory="androidx.core.app.CoreComponentFactory"
40-->[androidx.core:core:1.13.1] AndroidManifest.xml:28:18-86
41        android:debuggable="true"
42        android:extractNativeLibs="true"
43        android:icon="@mipmap/ic_launcher"
44        android:label="hw8" >
45        <meta-data
46            android:name="com.google.firebase.database.DatabaseUrl"
47            android:value="https://individual-723cd-default-rtdb.firebaseio.com/" />
48        <meta-data
49            android:name="com.google.firebase.messaging.default_notification_icon"
50            android:resource="@drawable/ic_notification" />
51        <meta-data
52            android:name="com.google.firebase.messaging.default_notification_channel_id"
53            android:value="default_channel_id" />
54
55        <activity
56            android:name="com.example.hw8.MainActivity"
57            android:configChanges="orientation|keyboardHidden|keyboard|screenSize|smallestScreenSize|locale|layoutDirection|fontScale|screenLayout|density|uiMode"
58            android:exported="true"
59            android:hardwareAccelerated="true"
60            android:launchMode="singleTop"
61            android:taskAffinity=""
62            android:theme="@style/LaunchTheme"
63            android:windowSoftInputMode="adjustResize" >
64            <meta-data
65                android:name="io.flutter.embedding.android.NormalTheme"
66                android:resource="@style/NormalTheme" />
67
68            <intent-filter>
69                <action android:name="android.intent.action.MAIN" />
70
71                <category android:name="android.intent.category.LAUNCHER" />
72            </intent-filter>
73        </activity>
74
75        <meta-data
76            android:name="flutterEmbedding"
77            android:value="2" />
78
79        <service
79-->[:firebase_database] AndroidManifest.xml:8:9-12:19
80            android:name="com.google.firebase.components.ComponentDiscoveryService"
80-->[:firebase_database] AndroidManifest.xml:8:18-89
81            android:directBootAware="true"
81-->[com.google.firebase:firebase-common:21.0.0] AndroidManifest.xml:32:13-43
82            android:exported="false" >
82-->[com.google.firebase:firebase-database:21.0.0] AndroidManifest.xml:28:13-37
83            <meta-data
83-->[:firebase_database] AndroidManifest.xml:9:13-11:85
84                android:name="com.google.firebase.components:io.flutter.plugins.firebase.database.FlutterFirebaseAppRegistrar"
84-->[:firebase_database] AndroidManifest.xml:10:17-127
85                android:value="com.google.firebase.components.ComponentRegistrar" />
85-->[:firebase_database] AndroidManifest.xml:11:17-82
86            <meta-data
86-->[:firebase_core] AndroidManifest.xml:9:13-11:85
87                android:name="com.google.firebase.components:io.flutter.plugins.firebase.core.FlutterFirebaseCoreRegistrar"
87-->[:firebase_core] AndroidManifest.xml:10:17-124
88                android:value="com.google.firebase.components.ComponentRegistrar" />
88-->[:firebase_core] AndroidManifest.xml:11:17-82
89            <meta-data
89-->[com.google.firebase:firebase-database:21.0.0] AndroidManifest.xml:29:13-31:85
90                android:name="com.google.firebase.components:com.google.firebase.database.FirebaseDatabaseKtxRegistrar"
90-->[com.google.firebase:firebase-database:21.0.0] AndroidManifest.xml:30:17-120
91                android:value="com.google.firebase.components.ComponentRegistrar" />
91-->[com.google.firebase:firebase-database:21.0.0] AndroidManifest.xml:31:17-82
92            <meta-data
92-->[com.google.firebase:firebase-database:21.0.0] AndroidManifest.xml:32:13-34:85
93                android:name="com.google.firebase.components:com.google.firebase.database.DatabaseRegistrar"
93-->[com.google.firebase:firebase-database:21.0.0] AndroidManifest.xml:33:17-109
94                android:value="com.google.firebase.components.ComponentRegistrar" />
94-->[com.google.firebase:firebase-database:21.0.0] AndroidManifest.xml:34:17-82
95            <meta-data
95-->[com.google.android.gms:play-services-measurement-api:22.1.2] AndroidManifest.xml:37:13-39:85
96                android:name="com.google.firebase.components:com.google.firebase.analytics.connector.internal.AnalyticsConnectorRegistrar"
96-->[com.google.android.gms:play-services-measurement-api:22.1.2] AndroidManifest.xml:38:17-139
97                android:value="com.google.firebase.components.ComponentRegistrar" />
97-->[com.google.android.gms:play-services-measurement-api:22.1.2] AndroidManifest.xml:39:17-82
98            <meta-data
98-->[com.google.firebase:firebase-installations:18.0.0] AndroidManifest.xml:15:13-17:85
99                android:name="com.google.firebase.components:com.google.firebase.installations.FirebaseInstallationsKtxRegistrar"
99-->[com.google.firebase:firebase-installations:18.0.0] AndroidManifest.xml:16:17-130
100                android:value="com.google.firebase.components.ComponentRegistrar" />
100-->[com.google.firebase:firebase-installations:18.0.0] AndroidManifest.xml:17:17-82
101            <meta-data
101-->[com.google.firebase:firebase-installations:18.0.0] AndroidManifest.xml:18:13-20:85
102                android:name="com.google.firebase.components:com.google.firebase.installations.FirebaseInstallationsRegistrar"
102-->[com.google.firebase:firebase-installations:18.0.0] AndroidManifest.xml:19:17-127
103                android:value="com.google.firebase.components.ComponentRegistrar" />
103-->[com.google.firebase:firebase-installations:18.0.0] AndroidManifest.xml:20:17-82
104            <meta-data
104-->[com.google.firebase:firebase-common-ktx:21.0.0] AndroidManifest.xml:12:13-14:85
105                android:name="com.google.firebase.components:com.google.firebase.ktx.FirebaseCommonLegacyRegistrar"
105-->[com.google.firebase:firebase-common-ktx:21.0.0] AndroidManifest.xml:13:17-116
106                android:value="com.google.firebase.components.ComponentRegistrar" />
106-->[com.google.firebase:firebase-common-ktx:21.0.0] AndroidManifest.xml:14:17-82
107            <meta-data
107-->[com.google.firebase:firebase-common:21.0.0] AndroidManifest.xml:35:13-37:85
108                android:name="com.google.firebase.components:com.google.firebase.FirebaseCommonKtxRegistrar"
108-->[com.google.firebase:firebase-common:21.0.0] AndroidManifest.xml:36:17-109
109                android:value="com.google.firebase.components.ComponentRegistrar" />
109-->[com.google.firebase:firebase-common:21.0.0] AndroidManifest.xml:37:17-82
110        </service>
111
112        <property
112-->[com.google.android.gms:play-services-measurement-api:22.1.2] AndroidManifest.xml:30:9-32:61
113            android:name="android.adservices.AD_SERVICES_CONFIG"
113-->[com.google.android.gms:play-services-measurement-api:22.1.2] AndroidManifest.xml:31:13-65
114            android:resource="@xml/ga_ad_services_config" />
114-->[com.google.android.gms:play-services-measurement-api:22.1.2] AndroidManifest.xml:32:13-58
115
116        <provider
116-->[com.google.firebase:firebase-common:21.0.0] AndroidManifest.xml:23:9-28:39
117            android:name="com.google.firebase.provider.FirebaseInitProvider"
117-->[com.google.firebase:firebase-common:21.0.0] AndroidManifest.xml:24:13-77
118            android:authorities="com.example.hw8.firebaseinitprovider"
118-->[com.google.firebase:firebase-common:21.0.0] AndroidManifest.xml:25:13-72
119            android:directBootAware="true"
119-->[com.google.firebase:firebase-common:21.0.0] AndroidManifest.xml:26:13-43
120            android:exported="false"
120-->[com.google.firebase:firebase-common:21.0.0] AndroidManifest.xml:27:13-37
121            android:initOrder="100" />
121-->[com.google.firebase:firebase-common:21.0.0] AndroidManifest.xml:28:13-36
122
123        <receiver
123-->[com.google.android.gms:play-services-measurement:22.1.2] AndroidManifest.xml:29:9-33:20
124            android:name="com.google.android.gms.measurement.AppMeasurementReceiver"
124-->[com.google.android.gms:play-services-measurement:22.1.2] AndroidManifest.xml:30:13-85
125            android:enabled="true"
125-->[com.google.android.gms:play-services-measurement:22.1.2] AndroidManifest.xml:31:13-35
126            android:exported="false" >
126-->[com.google.android.gms:play-services-measurement:22.1.2] AndroidManifest.xml:32:13-37
127        </receiver>
128
129        <service
129-->[com.google.android.gms:play-services-measurement:22.1.2] AndroidManifest.xml:35:9-38:40
130            android:name="com.google.android.gms.measurement.AppMeasurementService"
130-->[com.google.android.gms:play-services-measurement:22.1.2] AndroidManifest.xml:36:13-84
131            android:enabled="true"
131-->[com.google.android.gms:play-services-measurement:22.1.2] AndroidManifest.xml:37:13-35
132            android:exported="false" />
132-->[com.google.android.gms:play-services-measurement:22.1.2] AndroidManifest.xml:38:13-37
133        <service
133-->[com.google.android.gms:play-services-measurement:22.1.2] AndroidManifest.xml:39:9-43:72
134            android:name="com.google.android.gms.measurement.AppMeasurementJobService"
134-->[com.google.android.gms:play-services-measurement:22.1.2] AndroidManifest.xml:40:13-87
135            android:enabled="true"
135-->[com.google.android.gms:play-services-measurement:22.1.2] AndroidManifest.xml:41:13-35
136            android:exported="false"
136-->[com.google.android.gms:play-services-measurement:22.1.2] AndroidManifest.xml:42:13-37
137            android:permission="android.permission.BIND_JOB_SERVICE" />
137-->[com.google.android.gms:play-services-measurement:22.1.2] AndroidManifest.xml:43:13-69
138
139        <activity
139-->[com.google.android.gms:play-services-base:18.5.0] AndroidManifest.xml:5:9-173
140            android:name="com.google.android.gms.common.api.GoogleApiActivity"
140-->[com.google.android.gms:play-services-base:18.5.0] AndroidManifest.xml:5:19-85
141            android:exported="false"
141-->[com.google.android.gms:play-services-base:18.5.0] AndroidManifest.xml:5:146-170
142            android:theme="@android:style/Theme.Translucent.NoTitleBar" />
142-->[com.google.android.gms:play-services-base:18.5.0] AndroidManifest.xml:5:86-145
143
144        <uses-library
144-->[androidx.window:window:1.2.0] AndroidManifest.xml:23:9-25:40
145            android:name="androidx.window.extensions"
145-->[androidx.window:window:1.2.0] AndroidManifest.xml:24:13-54
146            android:required="false" />
146-->[androidx.window:window:1.2.0] AndroidManifest.xml:25:13-37
147        <uses-library
147-->[androidx.window:window:1.2.0] AndroidManifest.xml:26:9-28:40
148            android:name="androidx.window.sidecar"
148-->[androidx.window:window:1.2.0] AndroidManifest.xml:27:13-51
149            android:required="false" />
149-->[androidx.window:window:1.2.0] AndroidManifest.xml:28:13-37
150        <uses-library
150-->[androidx.privacysandbox.ads:ads-adservices:1.0.0-beta05] AndroidManifest.xml:23:9-25:40
151            android:name="android.ext.adservices"
151-->[androidx.privacysandbox.ads:ads-adservices:1.0.0-beta05] AndroidManifest.xml:24:13-50
152            android:required="false" />
152-->[androidx.privacysandbox.ads:ads-adservices:1.0.0-beta05] AndroidManifest.xml:25:13-37
153
154        <meta-data
154-->[com.google.android.gms:play-services-basement:18.4.0] AndroidManifest.xml:6:9-122
155            android:name="com.google.android.gms.version"
155-->[com.google.android.gms:play-services-basement:18.4.0] AndroidManifest.xml:6:20-65
156            android:value="@integer/google_play_services_version" />
156-->[com.google.android.gms:play-services-basement:18.4.0] AndroidManifest.xml:6:66-119
157
158        <provider
158-->[androidx.lifecycle:lifecycle-process:2.7.0] AndroidManifest.xml:24:9-32:20
159            android:name="androidx.startup.InitializationProvider"
159-->[androidx.lifecycle:lifecycle-process:2.7.0] AndroidManifest.xml:25:13-67
160            android:authorities="com.example.hw8.androidx-startup"
160-->[androidx.lifecycle:lifecycle-process:2.7.0] AndroidManifest.xml:26:13-68
161            android:exported="false" >
161-->[androidx.lifecycle:lifecycle-process:2.7.0] AndroidManifest.xml:27:13-37
162            <meta-data
162-->[androidx.lifecycle:lifecycle-process:2.7.0] AndroidManifest.xml:29:13-31:52
163                android:name="androidx.lifecycle.ProcessLifecycleInitializer"
163-->[androidx.lifecycle:lifecycle-process:2.7.0] AndroidManifest.xml:30:17-78
164                android:value="androidx.startup" />
164-->[androidx.lifecycle:lifecycle-process:2.7.0] AndroidManifest.xml:31:17-49
165            <meta-data
165-->[androidx.profileinstaller:profileinstaller:1.3.1] AndroidManifest.xml:29:13-31:52
166                android:name="androidx.profileinstaller.ProfileInstallerInitializer"
166-->[androidx.profileinstaller:profileinstaller:1.3.1] AndroidManifest.xml:30:17-85
167                android:value="androidx.startup" />
167-->[androidx.profileinstaller:profileinstaller:1.3.1] AndroidManifest.xml:31:17-49
168        </provider>
169
170        <receiver
170-->[androidx.profileinstaller:profileinstaller:1.3.1] AndroidManifest.xml:34:9-52:20
171            android:name="androidx.profileinstaller.ProfileInstallReceiver"
171-->[androidx.profileinstaller:profileinstaller:1.3.1] AndroidManifest.xml:35:13-76
172            android:directBootAware="false"
172-->[androidx.profileinstaller:profileinstaller:1.3.1] AndroidManifest.xml:36:13-44
173            android:enabled="true"
173-->[androidx.profileinstaller:profileinstaller:1.3.1] AndroidManifest.xml:37:13-35
174            android:exported="true"
174-->[androidx.profileinstaller:profileinstaller:1.3.1] AndroidManifest.xml:38:13-36
175            android:permission="android.permission.DUMP" >
175-->[androidx.profileinstaller:profileinstaller:1.3.1] AndroidManifest.xml:39:13-57
176            <intent-filter>
176-->[androidx.profileinstaller:profileinstaller:1.3.1] AndroidManifest.xml:40:13-42:29
177                <action android:name="androidx.profileinstaller.action.INSTALL_PROFILE" />
177-->[androidx.profileinstaller:profileinstaller:1.3.1] AndroidManifest.xml:41:17-91
177-->[androidx.profileinstaller:profileinstaller:1.3.1] AndroidManifest.xml:41:25-88
178            </intent-filter>
179            <intent-filter>
179-->[androidx.profileinstaller:profileinstaller:1.3.1] AndroidManifest.xml:43:13-45:29
180                <action android:name="androidx.profileinstaller.action.SKIP_FILE" />
180-->[androidx.profileinstaller:profileinstaller:1.3.1] AndroidManifest.xml:44:17-85
180-->[androidx.profileinstaller:profileinstaller:1.3.1] AndroidManifest.xml:44:25-82
181            </intent-filter>
182            <intent-filter>
182-->[androidx.profileinstaller:profileinstaller:1.3.1] AndroidManifest.xml:46:13-48:29
183                <action android:name="androidx.profileinstaller.action.SAVE_PROFILE" />
183-->[androidx.profileinstaller:profileinstaller:1.3.1] AndroidManifest.xml:47:17-88
183-->[androidx.profileinstaller:profileinstaller:1.3.1] AndroidManifest.xml:47:25-85
184            </intent-filter>
185            <intent-filter>
185-->[androidx.profileinstaller:profileinstaller:1.3.1] AndroidManifest.xml:49:13-51:29
186                <action android:name="androidx.profileinstaller.action.BENCHMARK_OPERATION" />
186-->[androidx.profileinstaller:profileinstaller:1.3.1] AndroidManifest.xml:50:17-95
186-->[androidx.profileinstaller:profileinstaller:1.3.1] AndroidManifest.xml:50:25-92
187            </intent-filter>
188        </receiver>
189    </application>
190
191</manifest>